IMPOSSIBLE
0
0
IMPOSSIBLE
IMPOSSIBLE
IMPOSSIBLE
1
0

1
IMPOSSIBLE
1

IMPOSSIBLE
47
46
45
44
43
42
41
40
39
IMPOSSIBLE
37
36
35
34
33
32
31
30
29
IMPOSSIBLE
27
26
25
24
23
22
21
20
19
IMPOSSIBLE
17
16
15
14
13
12
11
10
9
8
7
6
5
4
3
2
1
0

0
0
0
0
0
0
0
0
0
0
0
0
0
0
0
0
0
0
0
0
0
0
0
0
0
0
0
0
0
0
0
0
0
0
0
0
0
0
0
0
0
0
0
0
0
0
0
0
0
0
0
0
0
0
0
0
0
0
0
0
0
0
0
0
0
0
0
0
0
0
0
0
0
0
0
0
0
0
0
0
0
0
0
0
0
0
0
0
0
0
0
0
0
0
0
0
0
0
0
0

4
4
5
8
6
7
3
4
7
4
5
7
7
8
6
7
9
7
5
6
5
4
2
4
7
4
4
7
3
5
10
7
6
6
7
5
4
3
0
5
6
4
5
1
8
5
2
8
5
3
5
5
8
3
7
5
6
3
4
7
6
6
4
5
6
8
6
1
11
6
5
8
2
2
4
7
3
5
8
7
5
6
7
6
3
4
5
6
6
4
2
6
7
8
4
4
4
7
8
6

15
10
13
9
9
8
9
4
5
8
8
8
7
3
19
5
11
7
12
9
9
6
7
11
11
9
10
8
9
11
2
4
12
6
17
11
8
9
10
9
9
6
15
15
7
6
13
3
8
10
9
8
11
13
9
5
13
11
14
5
1
2
11
12
6
12
14
5
3
6
6
13
9
13
4
11
11
11
7
12
4
11
12
7
11
16
6
12
8
11
12
13
8
7
9
10
7
11
10
10
9
10
7
7
10
9
12
11
10
12
5
10
12
4
12
8
8
13
12
8
11
11
9
10
10
4
8
6
10
11
13
11
10
8
16
4
5
15
6
8
10
12
12
14
12
10
1
6
13
8
10
13
11
8
14
11
13
7
7
11
14
11
10
10
10
10
11
11
4
6
5
2
10
1
7
9
10
7
8
8
13
8
4
8
2
9
13
5
9
10
14
8
12
13
5
11
13
12
6
9
10
12
9
6
15
10
8
12
7
5
13
2
10
5
10
4
4
8
11
8
10
5
10
14
7
9
9
11
13
16
7
8
12
9
13
0
15
5
8
4
10
11
11
11
12
12
8
7
11
12
16
16
6
8
5
7
13
5
10
6
7
12
10
7
8
10
13
14
6
11
11
8
8
6
6
13
10
12
10
10
9
9
10
12
11
2
2
10
10
10
9
8
13
13
8
10
14
11
9
8
10
7
12
11
6
4
7
7
9
5
7
14
10
11
9
12
6
7
14
4
11
14
8
5
11
10
10
11
10
7
3
11
5
10
9
6
6
10
3
9
14
3
5
10
6
13
12
14
14
11
9
13
5
12
9
13
12
8
11
12
7
14
8
10
12
14
10
10
1
13
15
8
9
13
9
4
3
9
10
9
7
7
7
10
10
10
2
8
10
10
10
11
6
10
7
4
14
10
12
11
7
11
10
7
11
9
0
14
8
2
13
7
9
7
2
11
9
13
11
7
9
4
12
8
13
9
12
7
13
12
11
9
13
11
14
14
14
6
10
8
14
14
7
7
9
7
11
11
3
13
10
8
8
9
6
12
8
5
9
10
5
6
12
9
5
8
7
12
9
6
6
2
8
7
10
6
3
5
10
11
3
3
13
11
11
6
10
10
7
11
10
8
10
12
9
12
9
13
9
13

5
4
8
IMPOSSIBLE
6
6
IMPOSSIBLE
6
IMPOSSIBLE
3
5
7
6
IMPOSSIBLE
6
3
1
6
7
IMPOSSIBLE
IMPOSSIBLE
IMPOSSIBLE
IMPOSSIBLE
IMPOSSIBLE
5
6
IMPOSSIBLE
7
0
IMPOSSIBLE
IMPOSSIBLE
5
6
5
IMPOSSIBLE
6
7
IMPOSSIBLE
4
IMPOSSIBLE
1
7
IMPOSSIBLE
6
4
8
IMPOSSIBLE
2
IMPOSSIBLE
IMPOSSIBLE
IMPOSSIBLE
IMPOSSIBLE
IMPOSSIBLE
8
0
IMPOSSIBLE
IMPOSSIBLE
3
IMPOSSIBLE
5
0
2
7
3
5
6
6
IMPOSSIBLE
8
5
IMPOSSIBLE
4
6
2
IMPOSSIBLE
IMPOSSIBLE
2
IMPOSSIBLE
IMPOSSIBLE
5
8
6
8
4
9
4
5
IMPOSSIBLE
5
IMPOSSIBLE
7
5
IMPOSSIBLE
IMPOSSIBLE
IMPOSSIBLE
5
6
8
5
IMPOSSIBLE

17
12
IMPOSSIBLE
6
6
10
IMPOSSIBLE
9
IMPOSSIBLE
12
18
8
5
11
15
11
5
IMPOSSIBLE
IMPOSSIBLE
12
IMPOSSIBLE
IMPOSSIBLE
7
IMPOSSIBLE
8
8
8
11
6
IMPOSSIBLE
12
8
13
9
11
18
3
11
IMPOSSIBLE
6
15
17
IMPOSSIBLE
11
1
10
11
10
IMPOSSIBLE
IMPOSSIBLE
9
11
IMPOSSIBLE
IMPOSSIBLE
3
12
13
4
11
IMPOSSIBLE
10
10
9
10
16
11
5
6
14
8
9
4
IMPOSSIBLE
7
18
IMPOSSIBLE
IMPOSSIBLE
7
5
10
3
16
12
IMPOSSIBLE
8
14
10
11
8
13
12
11
IMPOSSIBLE
13
8
5
14
IMPOSSIBLE
9
7
4
IMPOSSIBLE
IMPOSSIBLE
2
13
10
1
IMPOSSIBLE
12
3
9
10
8
13
18
6
13
IMPOSSIBLE
7
13
4
7
8
6
IMPOSSIBLE
10
10
4
IMPOSSIBLE
7
IMPOSSIBLE
8
12
12
IMPOSSIBLE
12
12
7
14
10
13
4
3
12
IMPOSSIBLE
8
IMPOSSIBLE
11
13
12
8
13
IMPOSSIBLE
IMPOSSIBLE
12
IMPOSSIBLE
IMPOSSIBLE
11
IMPOSSIBLE
15
11
7
6
13
11
3
8
7
3
10
6
8
11
15
IMPOSSIBLE
17
7
12
IMPOSSIBLE
10
6
7
4
7
9
10
9
18
11
15
4
11
5
IMPOSSIBLE
5
11
6
IMPOSSIBLE
IMPOSSIBLE
8
9
15
5
5
8
11
4
7
7
6
6
6
9
5
14
11
IMPOSSIBLE
12
9
3
IMPOSSIBLE
5
12
IMPOSSIBLE
IMPOSSIBLE
4
10
IMPOSSIBLE
3
IMPOSSIBLE
6
15
9
19
8
10
8
10
10
IMPOSSIBLE
IMPOSSIBLE
13
IMPOSSIBLE
9
6
IMPOSSIBLE
4
15
4
8
14
IMPOSSIBLE
8
11
7
11
IMPOSSIBLE
IMPOSSIBLE
8
IMPOSSIBLE
8
12
IMPOSSIBLE
8
10
IMPOSSIBLE
12
11
9
11
6
18
IMPOSSIBLE
9
11
15
6
14
8
IMPOSSIBLE
7
IMPOSSIBLE
IMPOSSIBLE
6
12
11
7
2
IMPOSSIBLE
IMPOSSIBLE
1
9
IMPOSSIBLE
9
5
7
10
17
7
10
9
9
11
IMPOSSIBLE
2
IMPOSSIBLE
IMPOSSIBLE
6
9
9
IMPOSSIBLE
IMPOSSIBLE
3
14
13
9
IMPOSSIBLE
9
IMPOSSIBLE
17
9
IMPOSSIBLE
5
12
IMPOSSIBLE
12
11
8
8
IMPOSSIBLE
5
9
4
6
IMPOSSIBLE
5
19
4
11
IMPOSSIBLE
7
11
IMPOSSIBLE
IMPOSSIBLE
12
11
4
14
8
IMPOSSIBLE
18
7
3
11
10
8
12
11
6
12
6
7
12
11
IMPOSSIBLE
11
11
9
10
7
10
9
1
9
8
9
11
3
10
9
8
8
8
14
12
10
7
9
7
13
4
12
4
11
7
4
13
IMPOSSIBLE
12
16
11
IMPOSSIBLE
4
0
IMPOSSIBLE
IMPOSSIBLE
8
IMPOSSIBLE
12
13
7
10
7
IMPOSSIBLE
10
IMPOSSIBLE
IMPOSSIBLE
9
9
IMPOSSIBLE
15
IMPOSSIBLE
11
7
6
9
16
12
IMPOSSIBLE
8
IMPOSSIBLE
1
7
8
6
13
14
7
8
10
5
9
5
14
10
10
8
5
14
7
14
12
13
13
13
7
6
13
15
7
17
11
IMPOSSIBLE
IMPOSSIBLE
5
IMPOSSIBLE
10
15
9
8
10
5
11
14
9
8
10
IMPOSSIBLE
12
IMPOSSIBLE
IMPOSSIBLE
13
9
6
5
11
13
4
10
10
10
18
17
7
10
6
20
IMPOSSIBLE
16
0

1
1
1
1
1
1
1
1
1
1
1
1
0
1
0
1
0
1
1
1
1
1
1
1
1
1
1
1
1
0
1
1
0
0
1
1
1
1
1
1
1
1
0
1
1
1
1
1
1
1
1
0
1
1
1
1
1
1
1
0
1
1
1
1
1
1
1
1
1
1
1
1
1
1
1
1
1
1
0
1
1
0
1
1
1
1
1
0
1
1
1
1
0
1
1
1
1
1
1
1
1
1
1
1
0
1
1
1
0
0
0
1
1
0
0
1
1
1
1
1
1
1
1
1
1
1
IMPOSSIBLE
1
1
1
0
1
1
0
1
1
1
1
IMPOSSIBLE
0
1
1
1
1
1
1
1
0
1
1
0
1
1
1
1
1
1
0
1
1
1
1
1
1
1
1
1
1
1
1
1
0
1
1
1
0
2
0
1
1
1
1
1
1
0
1
1
1
1
1
1
1
1
1
1
1
1
1
1
1
1
1
1
1
1
1
1
1
1
0
1
1
1
1
1
1
0
1
0
1
1
1
1
1
1
1
1
1
1
1
0
1
1
1
1
1
1
1
0
1
1
1
1
1
1
1
1
1
0
1
1
1
1
1
1
1
1
1
1
1
1
1
1
1
1
0
0
1
1
1
1
1
1
1
1
1
1
1
1
1
1
1
1
0
1
0
0
0
1
1
1
1
1
1
1
1
1
1
1
1
1
1
0
1
1
1
1
1
1
1
1
1
1
0
1
1
1
0
1
1
1
IMPOSSIBLE
1
1
0
1
1
1
1
1
1
1
1
1
0
1
1
1
1
1
1
1
1
1
1
0
0
1
1
1
1
1
1
1
1
1
1
0
1
2
1
1
1
1
0
1
1
0
0
1
1
1
1
1
1
1
1
1
1
1
1
1

3
IMPOSSIBLE
IMPOSSIBLE
IMPOSSIBLE
IMPOSSIBLE
2
IMPOSSIBLE
IMPOSSIBLE
3
2
IMPOSSIBLE
IMPOSSIBLE
IMPOSSIBLE
4
5
4
1
3
6
4
4
4
IMPOSSIBLE
IMPOSSIBLE
1
IMPOSSIBLE
IMPOSSIBLE
IMPOSSIBLE
IMPOSSIBLE
IMPOSSIBLE
5
4
4
1
IMPOSSIBLE
10
4
IMPOSSIBLE
IMPOSSIBLE
6
IMPOSSIBLE
3
IMPOSSIBLE
IMPOSSIBLE
IMPOSSIBLE
IMPOSSIBLE
IMPOSSIBLE
5
7
IMPOSSIBLE
3
IMPOSSIBLE
IMPOSSIBLE
IMPOSSIBLE
5
6
3
IMPOSSIBLE
IMPOSSIBLE
2
IMPOSSIBLE
5
IMPOSSIBLE
IMPOSSIBLE
IMPOSSIBLE
2
IMPOSSIBLE
6
IMPOSSIBLE
4
IMPOSSIBLE
5
IMPOSSIBLE
6
IMPOSSIBLE
4
4
IMPOSSIBLE
IMPOSSIBLE
IMPOSSIBLE
4
5
3
IMPOSSIBLE
5
IMPOSSIBLE
IMPOSSIBLE
IMPOSSIBLE
IMPOSSIBLE
4
IMPOSSIBLE
6
3
IMPOSSIBLE
5
IMPOSSIBLE
IMPOSSIBLE
IMPOSSIBLE
4
IMPOSSIBLE
IMPOSSIBLE
5
IMPOSSIBLE
IMPOSSIBLE
3
2
7
3
IMPOSSIBLE
4
8
7
IMPOSSIBLE
8
0
IMPOSSIBLE
IMPOSSIBLE
4
3
IMPOSSIBLE
IMPOSSIBLE
5
IMPOSSIBLE
1
IMPOSSIBLE
IMPOSSIBLE
2
0
IMPOSSIBLE
IMPOSSIBLE
IMPOSSIBLE
4
IMPOSSIBLE
3
5
3
3
IMPOSSIBLE
3
3
IMPOSSIBLE
IMPOSSIBLE
3
6
7
IMPOSSIBLE
IMPOSSIBLE
IMPOSSIBLE
IMPOSSIBLE
IMPOSSIBLE
5
IMPOSSIBLE
IMPOSSIBLE
IMPOSSIBLE
IMPOSSIBLE
IMPOSSIBLE
5
IMPOSSIBLE
3
IMPOSSIBLE
IMPOSSIBLE
4
IMPOSSIBLE
IMPOSSIBLE
IMPOSSIBLE
IMPOSSIBLE
3
6
IMPOSSIBLE
IMPOSSIBLE
4
5
2
4
3
2
IMPOSSIBLE
5
IMPOSSIBLE
5
IMPOSSIBLE
IMPOSSIBLE
4
IMPOSSIBLE
1
IMPOSSIBLE
IMPOSSIBLE
IMPOSSIBLE
6
IMPOSSIBLE
IMPOSSIBLE
IMPOSSIBLE
IMPOSSIBLE
5
6
2
IMPOSSIBLE
IMPOSSIBLE
2
5
4
IMPOSSIBLE
3
IMPOSSIBLE
IMPOSSIBLE
2
IMPOSSIBLE
4
IMPOSSIBLE
IMPOSSIBLE
IMPOSSIBLE
2
8
4
3
IMPOSSIBLE
IMPOSSIBLE
IMPOSSIBLE
4
4
IMPOSSIBLE
6
7
IMPOSSIBLE
5
IMPOSSIBLE
2
IMPOSSIBLE
IMPOSSIBLE
2
IMPOSSIBLE
IMPOSSIBLE
5
IMPOSSIBLE
4
IMPOSSIBLE
IMPOSSIBLE
5
4
IMPOSSIBLE
3
7
IMPOSSIBLE
4
4
1
3
0
7
IMPOSSIBLE
7
2
4
IMPOSSIBLE
7
IMPOSSIBLE
6
7
5
IMPOSSIBLE
4
IMPOSSIBLE
IMPOSSIBLE
IMPOSSIBLE
6
3
7
IMPOSSIBLE
4
6
IMPOSSIBLE
5
5
IMPOSSIBLE
3
1
IMPOSSIBLE
2
4
IMPOSSIBLE
IMPOSSIBLE
1
3
10
4
IMPOSSIBLE
IMPOSSIBLE
3
IMPOSSIBLE
IMPOSSIBLE
IMPOSSIBLE
4
IMPOSSIBLE
IMPOSSIBLE
1
IMPOSSIBLE
IMPOSSIBLE
IMPOSSIBLE
IMPOSSIBLE
IMPOSSIBLE
4
3
4
IMPOSSIBLE
7
5
IMPOSSIBLE
4
IMPOSSIBLE
IMPOSSIBLE
1
5
IMPOSSIBLE
IMPOSSIBLE
IMPOSSIBLE
IMPOSSIBLE
4
IMPOSSIBLE
IMPOSSIBLE
3
IMPOSSIBLE
5
IMPOSSIBLE
5
3
IMPOSSIBLE
IMPOSSIBLE
IMPOSSIBLE
3
4
IMPOSSIBLE
4
IMPOSSIBLE
IMPOSSIBLE
4
IMPOSSIBLE
4
7
6
IMPOSSIBLE
1
6
IMPOSSIBLE
IMPOSSIBLE
4
11
4
IMPOSSIBLE
IMPOSSIBLE
IMPOSSIBLE
IMPOSSIBLE
0
IMPOSSIBLE
IMPOSSIBLE
IMPOSSIBLE
4
IMPOSSIBLE
4
4
5
IMPOSSIBLE
3
IMPOSSIBLE
IMPOSSIBLE
1
3
IMPOSSIBLE
5
IMPOSSIBLE
1
IMPOSSIBLE

